<?xml version="1.0" encoding="UTF-8"?>
<!-- Generated by org.testng.reporters.JUnitXMLReporter -->
<testsuite ignored="0" hostname="krushabh" failures="3" tests="3" name="Test" time="11.073" errors="0" timestamp="2023-07-02T00:57:29 IST">
  <testcase classname="TEST_Classes.Patch_TC1" name="extractor" time="5.413">
    <failure type="java.lang.AssertionError" message="expected [2023-07-02T] but found [2023-07-01T]">
      <![CDATA[java.lang.AssertionError: expected [2023-07-02T] but found [2023-07-01T]
at TEST_Classes.Patch_TC1.extractor(Patch_TC1.java:35)
at java.base/java.util.ArrayList.forEach(ArrayList.java:1511)
... Removed 33 stack frames]]>
    </failure>
  </testcase> <!-- extractor -->
  <testcase classname="TEST_Classes.Put_TC1" name="extractor" time="2.287">
    <failure type="java.lang.AssertionError" message="expected [2023-07-02T] but found [2023-07-01T]">
      <![CDATA[java.lang.AssertionError: expected [2023-07-02T] but found [2023-07-01T]
at TEST_Classes.Put_TC1.extractor(Put_TC1.java:41)
at java.base/java.util.ArrayList.forEach(ArrayList.java:1511)
... Removed 33 stack frames]]>
    </failure>
  </testcase> <!-- extractor -->
  <testcase classname="TEST_Classes.Post_TC1" name="extractor" time="3.185">
    <failure type="java.lang.AssertionError" message="expected [2023-07-02T] but found [2023-07-01T]">
      <![CDATA[java.lang.AssertionError: expected [2023-07-02T] but found [2023-07-01T]
at TEST_Classes.Post_TC1.validator(Post_TC1.java:53)
at TEST_Classes.Post_TC1.extractor(Post_TC1.java:32)
at java.base/java.util.ArrayList.forEach(ArrayList.java:1511)
... Removed 33 stack frames]]>
    </failure>
  </testcase> <!-- extractor -->
</testsuite> <!-- Test -->
